2026-05-12 08:06:07,978 computador /usr/lib/jvm/java-21-openjdk-amd64/bin/java[9423] WARN  [io.qua.config] (Quarkus Main Thread) Unrecognized configuration key "quarkus.fault-tolerance.micrometer.disabled" was provided; it will be ignored; verify that the dependency extension for this configuration is set or that you did not make a typo
2026-05-12 08:06:08,001 computador /usr/lib/jvm/java-21-openjdk-amd64/bin/java[9423] INFO  [io.qua.oid.run.dev.ui.OidcDevUiRecorder] (Quarkus Main Thread) OIDC Dev Console: discovering the provider metadata at http://localhost:8082/realms/banco-realm/.well-known/openid-configuration
2026-05-12 08:06:08,493 computador /usr/lib/jvm/java-21-openjdk-amd64/bin/java[9423] INFO  [io.sma.rea.mes.rabbitmq] (Quarkus Main Thread) SRMSG17036: RabbitMQ broker configured to [localhost:5672] for channel clientePF-cadastrado-in
2026-05-12 08:06:08,500 computador /usr/lib/jvm/java-21-openjdk-amd64/bin/java[9423] INFO  [io.sma.rea.mes.rabbitmq] (Quarkus Main Thread) SRMSG17036: RabbitMQ broker configured to [localhost:5672] for channel clientePF-cadastrado-out
2026-05-12 08:06:08,510 computador /usr/lib/jvm/java-21-openjdk-amd64/bin/java[9423] INFO  [io.sma.rea.mes.rabbitmq] (Quarkus Main Thread) SRMSG17007: Connection with RabbitMQ broker established for channel `clientePF-cadastrado-in`
2026-05-12 08:06:08,511 computador /usr/lib/jvm/java-21-openjdk-amd64/bin/java[9423] INFO  [io.ver.rab.imp.RabbitMQClientImpl] (Quarkus Main Thread) Starting rabbitmq client
2026-05-12 08:06:08,521 computador /usr/lib/jvm/java-21-openjdk-amd64/bin/java[9423] INFO  [io.quarkus] (Quarkus Main Thread) sistema.bancario 1.0.0-SNAPSHOT on JVM (powered by Quarkus 3.34.1) started in 3.555s. Listening on: http://localhost:8080
2026-05-12 08:06:08,522 computador /usr/lib/jvm/java-21-openjdk-amd64/bin/java[9423] INFO  [io.quarkus] (Quarkus Main Thread) Profile dev activated. Live Coding activated.
2026-05-12 08:06:08,524 computador /usr/lib/jvm/java-21-openjdk-amd64/bin/java[9423] INFO  [io.quarkus] (Quarkus Main Thread) Installed features: [agroal, cache, cdi, compose, hibernate-orm, hibernate-orm-panache, hibernate-orm-rest-data-panache, hibernate-validator, jdbc-postgresql, keycloak-authorization, mailer, messaging, messaging-rabbitmq, micrometer, narayana-jta, oidc, qute, redis-client, rest, rest-client, rest-client-jackson, rest-jackson, rest-links, security, smallrye-context-propagation, smallrye-fault-tolerance, smallrye-health, smallrye-openapi, swagger-ui, vertx]
2026-05-12 08:06:08,526 computador /usr/lib/jvm/java-21-openjdk-amd64/bin/java[9423] INFO  [io.qua.dep.dev.RuntimeUpdatesProcessor] (Aesh InputStream Reader) Live reload total time: 4.532s 
2026-05-12 08:06:08,527 computador /usr/lib/jvm/java-21-openjdk-amd64/bin/java[9423] INFO  [io.qua.dep.dev.RuntimeUpdatesProcessor] (Aesh InputStream Reader) Live reload took more than 4 seconds, you may want to enable instrumentation based reload (quarkus.live-reload.instrumentation=true). This allows small changes to take effect without restarting Quarkus.
2026-05-12 08:06:08,539 computador /usr/lib/jvm/java-21-openjdk-amd64/bin/java[9423] INFO  [io.sma.rea.mes.rabbitmq] (vert.x-eventloop-thread-6) SRMSG17007: Connection with RabbitMQ broker established for channel `clientePF-cadastrado-in`
2026-05-12 08:06:08,546 computador /usr/lib/jvm/java-21-openjdk-amd64/bin/java[9423] INFO  [io.sma.rea.mes.rabbitmq] (vert.x-eventloop-thread-6) SRMSG17000: RabbitMQ Receiver listening address clientePF.cadastrado.email.queue
2026-05-12 08:06:54,472 computador /usr/lib/jvm/java-21-openjdk-amd64/bin/java[9423] INFO  [sou.ban.log.LogInterceptor] (executor-thread-2) Usuário=admin principal=admin sub=e9d870bd-848b-480c-80ce-bbbf79a08f74 INICIOU acao=criaClientePFs metodo=ClientePFResource.criaClientePFs
2026-05-12 08:06:54,535 computador /usr/lib/jvm/java-21-openjdk-amd64/bin/java[9423] ERROR [sou.ban.log.LogInterceptor] (executor-thread-2) Usuário=admin principal=admin sub=e9d870bd-848b-480c-80ce-bbbf79a08f74 ERRO acao=criaClientePFs metodo=ClientePFResource.criaClientePFs erro=criaClientePFs.clientePFDTO.cpf: O CPF digitado não é válido.
2026-05-12 08:07:12,762 computador /usr/lib/jvm/java-21-openjdk-amd64/bin/java[9423] INFO  [sou.ban.log.LogInterceptor] (executor-thread-2) Usuário=admin principal=admin sub=e9d870bd-848b-480c-80ce-bbbf79a08f74 INICIOU acao=criaClientePFs metodo=ClientePFResource.criaClientePFs
2026-05-12 08:07:13,752 computador /usr/lib/jvm/java-21-openjdk-amd64/bin/java[9423] INFO  [sou.ban.log.LogInterceptor] (executor-thread-2) Usuário=admin principal=admin sub=e9d870bd-848b-480c-80ce-bbbf79a08f74 CONCLUIU acao=criaClientePFs metodo=ClientePFResource.criaClientePFs
2026-05-12 08:07:34,194 computador /usr/lib/jvm/java-21-openjdk-amd64/bin/java[9423] INFO  [sou.ban.log.LogInterceptor] (executor-thread-2) Usuário=admin principal=admin sub=e9d870bd-848b-480c-80ce-bbbf79a08f74 INICIOU acao=criaClientePFs metodo=ClientePFResource.criaClientePFs
2026-05-12 08:07:34,197 computador /usr/lib/jvm/java-21-openjdk-amd64/bin/java[9423] ERROR [sou.ban.log.LogInterceptor] (executor-thread-2) Usuário=admin principal=admin sub=e9d870bd-848b-480c-80ce-bbbf79a08f74 ERRO acao=criaClientePFs metodo=ClientePFResource.criaClientePFs erro=sousa.banco.resource.ClientePFResource#criaClientePFs rate limit exceeded
2026-05-12 08:08:02,049 computador /usr/lib/jvm/java-21-openjdk-amd64/bin/java[9423] INFO  [io.ver.rab.imp.RabbitMQClientImpl] (Shutdown thread) Stopping rabbitmq client
2026-05-12 08:08:02,051 computador /usr/lib/jvm/java-21-openjdk-amd64/bin/java[9423] INFO  [io.ver.rab.imp.RabbitMQClientImpl] (Shutdown thread) Stopping rabbitmq client
2026-05-12 08:08:02,059 computador /usr/lib/jvm/java-21-openjdk-amd64/bin/java[9423] INFO  [io.quarkus] (Shutdown thread) sistema.bancario stopped in 0.032s
